[2021-01-12 19:08:01,906] INFO Reading configuration from: config/zookeeper.properties (org.apache.zookeeper.server.quorum.QuorumPeerConfig)
[2021-01-12 19:08:01,909] WARN config/zookeeper.properties is relative. Prepend ./ to indicate that you're sure! (org.apache.zookeeper.server.quorum.QuorumPeerConfig)
[2021-01-12 19:08:01,915] INFO clientPortAddress is 0.0.0.0:2181 (org.apache.zookeeper.server.quorum.QuorumPeerConfig)
[2021-01-12 19:08:01,915] INFO secureClientPort is not set (org.apache.zookeeper.server.quorum.QuorumPeerConfig)
[2021-01-12 19:08:01,918] INFO autopurge.snapRetainCount set to 3 (org.apache.zookeeper.server.DatadirCleanupManager)
[2021-01-12 19:08:01,918] INFO autopurge.purgeInterval set to 0 (org.apache.zookeeper.server.DatadirCleanupManager)
[2021-01-12 19:08:01,918] INFO Purge task is not scheduled. (org.apache.zookeeper.server.DatadirCleanupManager)
[2021-01-12 19:08:01,918] WARN Either no config or no quorum defined in config, running  in standalone mode (org.apache.zookeeper.server.quorum.QuorumPeerMain)
[2021-01-12 19:08:01,923] INFO Log4j 1.2 jmx support found and enabled. (org.apache.zookeeper.jmx.ManagedUtil)
[2021-01-12 19:08:01,937] INFO Reading configuration from: config/zookeeper.properties (org.apache.zookeeper.server.quorum.QuorumPeerConfig)
[2021-01-12 19:08:01,937] WARN config/zookeeper.properties is relative. Prepend ./ to indicate that you're sure! (org.apache.zookeeper.server.quorum.QuorumPeerConfig)
[2021-01-12 19:08:01,937] INFO clientPortAddress is 0.0.0.0:2181 (org.apache.zookeeper.server.quorum.QuorumPeerConfig)
[2021-01-12 19:08:01,937] INFO secureClientPort is not set (org.apache.zookeeper.server.quorum.QuorumPeerConfig)
[2021-01-12 19:08:01,938] INFO Starting server (org.apache.zookeeper.server.ZooKeeperServerMain)
[2021-01-12 19:08:01,941] INFO zookeeper.snapshot.trust.empty : false (org.apache.zookeeper.server.persistence.FileTxnSnapLog)
[2021-01-12 19:08:01,942] ERROR Unable to access datadir, exiting abnormally (org.apache.zookeeper.server.ZooKeeperServerMain)
org.apache.zookeeper.server.persistence.FileTxnSnapLog$DatadirException: Unable to create data directory /home/cobyforrester/kafka_2.12-2.6.0/data/zookeeper/version-2
	at org.apache.zookeeper.server.persistence.FileTxnSnapLog.<init>(FileTxnSnapLog.java:127)
	at org.apache.zookeeper.server.ZooKeeperServerMain.runFromConfig(ZooKeeperServerMain.java:124)
	at org.apache.zookeeper.server.ZooKeeperServerMain.initializeAndRun(ZooKeeperServerMain.java:106)
	at org.apache.zookeeper.server.ZooKeeperServerMain.main(ZooKeeperServerMain.java:64)
	at org.apache.zookeeper.server.quorum.QuorumPeerMain.initializeAndRun(QuorumPeerMain.java:128)
	at org.apache.zookeeper.server.quorum.QuorumPeerMain.main(QuorumPeerMain.java:82)
[2021-01-12 19:10:09,751] INFO Reading configuration from: config/zookeeper.properties (org.apache.zookeeper.server.quorum.QuorumPeerConfig)
[2021-01-12 19:10:09,752] WARN config/zookeeper.properties is relative. Prepend ./ to indicate that you're sure! (org.apache.zookeeper.server.quorum.QuorumPeerConfig)
[2021-01-12 19:10:09,758] INFO clientPortAddress is 0.0.0.0:2181 (org.apache.zookeeper.server.quorum.QuorumPeerConfig)
[2021-01-12 19:10:09,758] INFO secureClientPort is not set (org.apache.zookeeper.server.quorum.QuorumPeerConfig)
[2021-01-12 19:10:09,760] INFO autopurge.snapRetainCount set to 3 (org.apache.zookeeper.server.DatadirCleanupManager)
[2021-01-12 19:10:09,760] INFO autopurge.purgeInterval set to 0 (org.apache.zookeeper.server.DatadirCleanupManager)
[2021-01-12 19:10:09,760] INFO Purge task is not scheduled. (org.apache.zookeeper.server.DatadirCleanupManager)
[2021-01-12 19:10:09,760] WARN Either no config or no quorum defined in config, running  in standalone mode (org.apache.zookeeper.server.quorum.QuorumPeerMain)
[2021-01-12 19:10:09,766] INFO Log4j 1.2 jmx support found and enabled. (org.apache.zookeeper.jmx.ManagedUtil)
[2021-01-12 19:10:09,780] INFO Reading configuration from: config/zookeeper.properties (org.apache.zookeeper.server.quorum.QuorumPeerConfig)
[2021-01-12 19:10:09,780] WARN config/zookeeper.properties is relative. Prepend ./ to indicate that you're sure! (org.apache.zookeeper.server.quorum.QuorumPeerConfig)
[2021-01-12 19:10:09,780] INFO clientPortAddress is 0.0.0.0:2181 (org.apache.zookeeper.server.quorum.QuorumPeerConfig)
[2021-01-12 19:10:09,781] INFO secureClientPort is not set (org.apache.zookeeper.server.quorum.QuorumPeerConfig)
[2021-01-12 19:10:09,781] INFO Starting server (org.apache.zookeeper.server.ZooKeeperServerMain)
[2021-01-12 19:10:09,785] INFO zookeeper.snapshot.trust.empty : false (org.apache.zookeeper.server.persistence.FileTxnSnapLog)
[2021-01-12 19:10:09,785] ERROR Unable to access datadir, exiting abnormally (org.apache.zookeeper.server.ZooKeeperServerMain)
org.apache.zookeeper.server.persistence.FileTxnSnapLog$DatadirException: Unable to create data directory /home/cobyforrester/kafka_2.12-2.6.0/data/zookeeper/version-2
	at org.apache.zookeeper.server.persistence.FileTxnSnapLog.<init>(FileTxnSnapLog.java:127)
	at org.apache.zookeeper.server.ZooKeeperServerMain.runFromConfig(ZooKeeperServerMain.java:124)
	at org.apache.zookeeper.server.ZooKeeperServerMain.initializeAndRun(ZooKeeperServerMain.java:106)
	at org.apache.zookeeper.server.ZooKeeperServerMain.main(ZooKeeperServerMain.java:64)
	at org.apache.zookeeper.server.quorum.QuorumPeerMain.initializeAndRun(QuorumPeerMain.java:128)
	at org.apache.zookeeper.server.quorum.QuorumPeerMain.main(QuorumPeerMain.java:82)
[2021-01-12 19:11:35,085] INFO Reading configuration from: config/zookeeper.properties (org.apache.zookeeper.server.quorum.QuorumPeerConfig)
[2021-01-12 19:11:35,087] WARN config/zookeeper.properties is relative. Prepend ./ to indicate that you're sure! (org.apache.zookeeper.server.quorum.QuorumPeerConfig)
[2021-01-12 19:11:35,092] INFO clientPortAddress is 0.0.0.0:2181 (org.apache.zookeeper.server.quorum.QuorumPeerConfig)
[2021-01-12 19:11:35,092] INFO secureClientPort is not set (org.apache.zookeeper.server.quorum.QuorumPeerConfig)
[2021-01-12 19:11:35,095] INFO autopurge.snapRetainCount set to 3 (org.apache.zookeeper.server.DatadirCleanupManager)
[2021-01-12 19:11:35,095] INFO autopurge.purgeInterval set to 0 (org.apache.zookeeper.server.DatadirCleanupManager)
[2021-01-12 19:11:35,095] INFO Purge task is not scheduled. (org.apache.zookeeper.server.DatadirCleanupManager)
[2021-01-12 19:11:35,096] WARN Either no config or no quorum defined in config, running  in standalone mode (org.apache.zookeeper.server.quorum.QuorumPeerMain)
[2021-01-12 19:11:35,100] INFO Log4j 1.2 jmx support found and enabled. (org.apache.zookeeper.jmx.ManagedUtil)
[2021-01-12 19:11:35,111] INFO Reading configuration from: config/zookeeper.properties (org.apache.zookeeper.server.quorum.QuorumPeerConfig)
[2021-01-12 19:11:35,111] WARN config/zookeeper.properties is relative. Prepend ./ to indicate that you're sure! (org.apache.zookeeper.server.quorum.QuorumPeerConfig)
[2021-01-12 19:11:35,111] INFO clientPortAddress is 0.0.0.0:2181 (org.apache.zookeeper.server.quorum.QuorumPeerConfig)
[2021-01-12 19:11:35,111] INFO secureClientPort is not set (org.apache.zookeeper.server.quorum.QuorumPeerConfig)
[2021-01-12 19:11:35,111] INFO Starting server (org.apache.zookeeper.server.ZooKeeperServerMain)
[2021-01-12 19:11:35,115] INFO zookeeper.snapshot.trust.empty : false (org.apache.zookeeper.server.persistence.FileTxnSnapLog)
[2021-01-12 19:11:35,116] ERROR Unable to access datadir, exiting abnormally (org.apache.zookeeper.server.ZooKeeperServerMain)
org.apache.zookeeper.server.persistence.FileTxnSnapLog$DatadirException: Unable to create data directory /home/$NAME/kafka/data/zookeeper/version-2
	at org.apache.zookeeper.server.persistence.FileTxnSnapLog.<init>(FileTxnSnapLog.java:127)
	at org.apache.zookeeper.server.ZooKeeperServerMain.runFromConfig(ZooKeeperServerMain.java:124)
	at org.apache.zookeeper.server.ZooKeeperServerMain.initializeAndRun(ZooKeeperServerMain.java:106)
	at org.apache.zookeeper.server.ZooKeeperServerMain.main(ZooKeeperServerMain.java:64)
	at org.apache.zookeeper.server.quorum.QuorumPeerMain.initializeAndRun(QuorumPeerMain.java:128)
	at org.apache.zookeeper.server.quorum.QuorumPeerMain.main(QuorumPeerMain.java:82)
[2021-01-12 19:11:54,619] INFO Reading configuration from: config/zookeeper.properties (org.apache.zookeeper.server.quorum.QuorumPeerConfig)
[2021-01-12 19:11:54,621] WARN config/zookeeper.properties is relative. Prepend ./ to indicate that you're sure! (org.apache.zookeeper.server.quorum.QuorumPeerConfig)
[2021-01-12 19:11:54,627] INFO clientPortAddress is 0.0.0.0:2181 (org.apache.zookeeper.server.quorum.QuorumPeerConfig)
[2021-01-12 19:11:54,627] INFO secureClientPort is not set (org.apache.zookeeper.server.quorum.QuorumPeerConfig)
[2021-01-12 19:11:54,630] INFO autopurge.snapRetainCount set to 3 (org.apache.zookeeper.server.DatadirCleanupManager)
[2021-01-12 19:11:54,630] INFO autopurge.purgeInterval set to 0 (org.apache.zookeeper.server.DatadirCleanupManager)
[2021-01-12 19:11:54,630] INFO Purge task is not scheduled. (org.apache.zookeeper.server.DatadirCleanupManager)
[2021-01-12 19:11:54,631] WARN Either no config or no quorum defined in config, running  in standalone mode (org.apache.zookeeper.server.quorum.QuorumPeerMain)
[2021-01-12 19:11:54,635] INFO Log4j 1.2 jmx support found and enabled. (org.apache.zookeeper.jmx.ManagedUtil)
[2021-01-12 19:11:54,649] INFO Reading configuration from: config/zookeeper.properties (org.apache.zookeeper.server.quorum.QuorumPeerConfig)
[2021-01-12 19:11:54,649] WARN config/zookeeper.properties is relative. Prepend ./ to indicate that you're sure! (org.apache.zookeeper.server.quorum.QuorumPeerConfig)
[2021-01-12 19:11:54,649] INFO clientPortAddress is 0.0.0.0:2181 (org.apache.zookeeper.server.quorum.QuorumPeerConfig)
[2021-01-12 19:11:54,650] INFO secureClientPort is not set (org.apache.zookeeper.server.quorum.QuorumPeerConfig)
[2021-01-12 19:11:54,650] INFO Starting server (org.apache.zookeeper.server.ZooKeeperServerMain)
[2021-01-12 19:11:54,653] INFO zookeeper.snapshot.trust.empty : false (org.apache.zookeeper.server.persistence.FileTxnSnapLog)
[2021-01-12 19:11:54,662] INFO Server environment:zookeeper.version=3.5.8-f439ca583e70862c3068a1f2a7d4d068eec33315, built on 05/04/2020 15:53 GMT (org.apache.zookeeper.server.ZooKeeperServer)
[2021-01-12 19:11:54,662] INFO Server environment:host.name=localhost (org.apache.zookeeper.server.ZooKeeperServer)
[2021-01-12 19:11:54,662] INFO Server environment:java.version=11.0.8 (org.apache.zookeeper.server.ZooKeeperServer)
[2021-01-12 19:11:54,662] INFO Server environment:java.vendor=N/A (org.apache.zookeeper.server.ZooKeeperServer)
[2021-01-12 19:11:54,662] INFO Server environment:java.home=/usr/lib/jvm/java-11-openjdk-11.0.8.10-0.el8_2.x86_64 (org.apache.zookeeper.server.ZooKeeperServer)
[2021-01-12 19:11:54,663] INFO Server environment:java.class.path=/home/coby/kafka/bin/../libs/activation-1.1.1.jar:/home/coby/kafka/bin/../libs/aopalliance-repackaged-2.5.0.jar:/home/coby/kafka/bin/../libs/argparse4j-0.7.0.jar:/home/coby/kafka/bin/../libs/audience-annotations-0.5.0.jar:/home/coby/kafka/bin/../libs/commons-cli-1.4.jar:/home/coby/kafka/bin/../libs/commons-lang3-3.8.1.jar:/home/coby/kafka/bin/../libs/connect-api-2.6.0.jar:/home/coby/kafka/bin/../libs/connect-basic-auth-extension-2.6.0.jar:/home/coby/kafka/bin/../libs/connect-file-2.6.0.jar:/home/coby/kafka/bin/../libs/connect-json-2.6.0.jar:/home/coby/kafka/bin/../libs/connect-mirror-2.6.0.jar:/home/coby/kafka/bin/../libs/connect-mirror-client-2.6.0.jar:/home/coby/kafka/bin/../libs/connect-runtime-2.6.0.jar:/home/coby/kafka/bin/../libs/connect-transforms-2.6.0.jar:/home/coby/kafka/bin/../libs/hk2-api-2.5.0.jar:/home/coby/kafka/bin/../libs/hk2-locator-2.5.0.jar:/home/coby/kafka/bin/../libs/hk2-utils-2.5.0.jar:/home/coby/kafka/bin/../libs/jackson-annotations-2.10.2.jar:/home/coby/kafka/bin/../libs/jackson-core-2.10.2.jar:/home/coby/kafka/bin/../libs/jackson-databind-2.10.2.jar:/home/coby/kafka/bin/../libs/jackson-dataformat-csv-2.10.2.jar:/home/coby/kafka/bin/../libs/jackson-datatype-jdk8-2.10.2.jar:/home/coby/kafka/bin/../libs/jackson-jaxrs-base-2.10.2.jar:/home/coby/kafka/bin/../libs/jackson-jaxrs-json-provider-2.10.2.jar:/home/coby/kafka/bin/../libs/jackson-module-jaxb-annotations-2.10.2.jar:/home/coby/kafka/bin/../libs/jackson-module-paranamer-2.10.2.jar:/home/coby/kafka/bin/../libs/jackson-module-scala_2.12-2.10.2.jar:/home/coby/kafka/bin/../libs/jakarta.activation-api-1.2.1.jar:/home/coby/kafka/bin/../libs/jakarta.annotation-api-1.3.4.jar:/home/coby/kafka/bin/../libs/jakarta.inject-2.5.0.jar:/home/coby/kafka/bin/../libs/jakarta.ws.rs-api-2.1.5.jar:/home/coby/kafka/bin/../libs/jakarta.xml.bind-api-2.3.2.jar:/home/coby/kafka/bin/../libs/javassist-3.22.0-CR2.jar:/home/coby/kafka/bin/../libs/javassist-3.26.0-GA.jar:/home/coby/kafka/bin/../libs/javax.servlet-api-3.1.0.jar:/home/coby/kafka/bin/../libs/javax.ws.rs-api-2.1.1.jar:/home/coby/kafka/bin/../libs/jaxb-api-2.3.0.jar:/home/coby/kafka/bin/../libs/jersey-client-2.28.jar:/home/coby/kafka/bin/../libs/jersey-common-2.28.jar:/home/coby/kafka/bin/../libs/jersey-container-servlet-2.28.jar:/home/coby/kafka/bin/../libs/jersey-container-servlet-core-2.28.jar:/home/coby/kafka/bin/../libs/jersey-hk2-2.28.jar:/home/coby/kafka/bin/../libs/jersey-media-jaxb-2.28.jar:/home/coby/kafka/bin/../libs/jersey-server-2.28.jar:/home/coby/kafka/bin/../libs/jetty-client-9.4.24.v20191120.jar:/home/coby/kafka/bin/../libs/jetty-continuation-9.4.24.v20191120.jar:/home/coby/kafka/bin/../libs/jetty-http-9.4.24.v20191120.jar:/home/coby/kafka/bin/../libs/jetty-io-9.4.24.v20191120.jar:/home/coby/kafka/bin/../libs/jetty-security-9.4.24.v20191120.jar:/home/coby/kafka/bin/../libs/jetty-server-9.4.24.v20191120.jar:/home/coby/kafka/bin/../libs/jetty-servlet-9.4.24.v20191120.jar:/home/coby/kafka/bin/../libs/jetty-servlets-9.4.24.v20191120.jar:/home/coby/kafka/bin/../libs/jetty-util-9.4.24.v20191120.jar:/home/coby/kafka/bin/../libs/jopt-simple-5.0.4.jar:/home/coby/kafka/bin/../libs/kafka_2.12-2.6.0.jar:/home/coby/kafka/bin/../libs/kafka_2.12-2.6.0-sources.jar:/home/coby/kafka/bin/../libs/kafka-clients-2.6.0.jar:/home/coby/kafka/bin/../libs/kafka-log4j-appender-2.6.0.jar:/home/coby/kafka/bin/../libs/kafka-streams-2.6.0.jar:/home/coby/kafka/bin/../libs/kafka-streams-examples-2.6.0.jar:/home/coby/kafka/bin/../libs/kafka-streams-scala_2.12-2.6.0.jar:/home/coby/kafka/bin/../libs/kafka-streams-test-utils-2.6.0.jar:/home/coby/kafka/bin/../libs/kafka-tools-2.6.0.jar:/home/coby/kafka/bin/../libs/log4j-1.2.17.jar:/home/coby/kafka/bin/../libs/lz4-java-1.7.1.jar:/home/coby/kafka/bin/../libs/maven-artifact-3.6.3.jar:/home/coby/kafka/bin/../libs/metrics-core-2.2.0.jar:/home/coby/kafka/bin/../libs/netty-buffer-4.1.50.Final.jar:/home/coby/kafka/bin/../libs/netty-codec-4.1.50.Final.jar:/home/coby/kafka/bin/../libs/netty-common-4.1.50.Final.jar:/home/coby/kafka/bin/../libs/netty-handler-4.1.50.Final.jar:/home/coby/kafka/bin/../libs/netty-resolver-4.1.50.Final.jar:/home/coby/kafka/bin/../libs/netty-transport-4.1.50.Final.jar:/home/coby/kafka/bin/../libs/netty-transport-native-epoll-4.1.50.Final.jar:/home/coby/kafka/bin/../libs/netty-transport-native-unix-common-4.1.50.Final.jar:/home/coby/kafka/bin/../libs/osgi-resource-locator-1.0.1.jar:/home/coby/kafka/bin/../libs/paranamer-2.8.jar:/home/coby/kafka/bin/../libs/plexus-utils-3.2.1.jar:/home/coby/kafka/bin/../libs/reflections-0.9.12.jar:/home/coby/kafka/bin/../libs/rocksdbjni-5.18.4.jar:/home/coby/kafka/bin/../libs/scala-collection-compat_2.12-2.1.6.jar:/home/coby/kafka/bin/../libs/scala-java8-compat_2.12-0.9.1.jar:/home/coby/kafka/bin/../libs/scala-library-2.12.11.jar:/home/coby/kafka/bin/../libs/scala-logging_2.12-3.9.2.jar:/home/coby/kafka/bin/../libs/scala-reflect-2.12.11.jar:/home/coby/kafka/bin/../libs/slf4j-api-1.7.30.jar:/home/coby/kafka/bin/../libs/slf4j-log4j12-1.7.30.jar:/home/coby/kafka/bin/../libs/snappy-java-1.1.7.3.jar:/home/coby/kafka/bin/../libs/validation-api-2.0.1.Final.jar:/home/coby/kafka/bin/../libs/zookeeper-3.5.8.jar:/home/coby/kafka/bin/../libs/zookeeper-jute-3.5.8.jar:/home/coby/kafka/bin/../libs/zstd-jni-1.4.4-7.jar (org.apache.zookeeper.server.ZooKeeperServer)
[2021-01-12 19:11:54,663] INFO Server environment:java.library.path=/usr/java/packages/lib:/usr/lib64:/lib64:/lib:/usr/lib (org.apache.zookeeper.server.ZooKeeperServer)
[2021-01-12 19:11:54,663] INFO Server environment:java.io.tmpdir=/tmp (org.apache.zookeeper.server.ZooKeeperServer)
[2021-01-12 19:11:54,663] INFO Server environment:java.compiler=<NA> (org.apache.zookeeper.server.ZooKeeperServer)
[2021-01-12 19:11:54,663] INFO Server environment:os.name=Linux (org.apache.zookeeper.server.ZooKeeperServer)
[2021-01-12 19:11:54,663] INFO Server environment:os.arch=amd64 (org.apache.zookeeper.server.ZooKeeperServer)
[2021-01-12 19:11:54,663] INFO Server environment:os.version=4.18.0-193.19.1.el8_2.x86_64 (org.apache.zookeeper.server.ZooKeeperServer)
[2021-01-12 19:11:54,663] INFO Server environment:user.name=coby (org.apache.zookeeper.server.ZooKeeperServer)
[2021-01-12 19:11:54,663] INFO Server environment:user.home=/home/coby (org.apache.zookeeper.server.ZooKeeperServer)
[2021-01-12 19:11:54,663] INFO Server environment:user.dir=/home/coby/kafka (org.apache.zookeeper.server.ZooKeeperServer)
[2021-01-12 19:11:54,663] INFO Server environment:os.memory.free=494MB (org.apache.zookeeper.server.ZooKeeperServer)
[2021-01-12 19:11:54,663] INFO Server environment:os.memory.max=512MB (org.apache.zookeeper.server.ZooKeeperServer)
[2021-01-12 19:11:54,663] INFO Server environment:os.memory.total=512MB (org.apache.zookeeper.server.ZooKeeperServer)
[2021-01-12 19:11:54,665] INFO minSessionTimeout set to 6000 (org.apache.zookeeper.server.ZooKeeperServer)
[2021-01-12 19:11:54,665] INFO maxSessionTimeout set to 60000 (org.apache.zookeeper.server.ZooKeeperServer)
[2021-01-12 19:11:54,665] INFO Created server with tickTime 3000 minSessionTimeout 6000 maxSessionTimeout 60000 datadir /home/coby/kafka/data/zookeeper/version-2 snapdir /home/coby/kafka/data/zookeeper/version-2 (org.apache.zookeeper.server.ZooKeeperServer)
[2021-01-12 19:11:54,674] INFO Using org.apache.zookeeper.server.NIOServerCnxnFactory as server connection factory (org.apache.zookeeper.server.ServerCnxnFactory)
[2021-01-12 19:11:54,677] INFO Configuring NIO connection handler with 10s sessionless connection timeout, 2 selector thread(s), 16 worker threads, and 64 kB direct buffers. (org.apache.zookeeper.server.NIOServerCnxnFactory)
[2021-01-12 19:11:54,683] INFO binding to port 0.0.0.0/0.0.0.0:2181 (org.apache.zookeeper.server.NIOServerCnxnFactory)
[2021-01-12 19:11:54,703] INFO zookeeper.snapshotSizeFactor = 0.33 (org.apache.zookeeper.server.ZKDatabase)
[2021-01-12 19:11:54,704] INFO Reading snapshot /home/coby/kafka/data/zookeeper/version-2/snapshot.27 (org.apache.zookeeper.server.persistence.FileSnap)
[2021-01-12 19:11:54,737] INFO Snapshotting: 0xbf to /home/coby/kafka/data/zookeeper/version-2/snapshot.bf (org.apache.zookeeper.server.persistence.FileTxnSnapLog)
[2021-01-12 19:11:54,758] INFO Using checkIntervalMs=60000 maxPerMinute=10000 (org.apache.zookeeper.server.ContainerManager)
[2021-01-12 19:17:30,226] INFO Registered kafka:type=kafka.Log4jController MBean (kafka.utils.Log4jControllerRegistration$)
[2021-01-12 19:17:30,461] ERROR Exiting Kafka due to fatal exception (kafka.Kafka$)
java.nio.file.NoSuchFileException: config/server.properties
	at java.base/sun.nio.fs.UnixException.translateToIOException(UnixException.java:92)
	at java.base/sun.nio.fs.UnixException.rethrowAsIOException(UnixException.java:111)
	at java.base/sun.nio.fs.UnixException.rethrowAsIOException(UnixException.java:116)
	at java.base/sun.nio.fs.UnixFileSystemProvider.newByteChannel(UnixFileSystemProvider.java:219)
	at java.base/java.nio.file.Files.newByteChannel(Files.java:370)
	at java.base/java.nio.file.Files.newByteChannel(Files.java:421)
	at java.base/java.nio.file.spi.FileSystemProvider.newInputStream(FileSystemProvider.java:420)
	at java.base/java.nio.file.Files.newInputStream(Files.java:155)
	at org.apache.kafka.common.utils.Utils.loadProps(Utils.java:623)
	at org.apache.kafka.common.utils.Utils.loadProps(Utils.java:610)
	at kafka.Kafka$.getPropsFromArgs(Kafka.scala:51)
	at kafka.Kafka$.main(Kafka.scala:67)
	at kafka.Kafka.main(Kafka.scala)
[2021-01-12 19:18:07,089] INFO Registered kafka:type=kafka.Log4jController MBean (kafka.utils.Log4jControllerRegistration$)
[2021-01-12 19:18:07,483] INFO Setting -D jdk.tls.rejectClientInitiatedRenegotiation=true to disable client-initiated TLS renegotiation (org.apache.zookeeper.common.X509Util)
[2021-01-12 19:18:07,521] INFO Registered signal handlers for TERM, INT, HUP (org.apache.kafka.common.utils.LoggingSignalHandler)
[2021-01-12 19:18:07,524] INFO starting (kafka.server.KafkaServer)
[2021-01-12 19:18:07,525] INFO Connecting to zookeeper on localhost:2181 (kafka.server.KafkaServer)
[2021-01-12 19:18:07,542] INFO [ZooKeeperClient Kafka server] Initializing a new session to localhost:2181. (kafka.zookeeper.ZooKeeperClient)
[2021-01-12 19:18:07,547] INFO Client environment:zookeeper.version=3.5.8-f439ca583e70862c3068a1f2a7d4d068eec33315, built on 05/04/2020 15:53 GMT (org.apache.zookeeper.ZooKeeper)
[2021-01-12 19:18:07,547] INFO Client environment:host.name=localhost (org.apache.zookeeper.ZooKeeper)
[2021-01-12 19:18:07,547] INFO Client environment:java.version=11.0.8 (org.apache.zookeeper.ZooKeeper)
[2021-01-12 19:18:07,548] INFO Client environment:java.vendor=N/A (org.apache.zookeeper.ZooKeeper)
[2021-01-12 19:18:07,548] INFO Client environment:java.home=/usr/lib/jvm/java-11-openjdk-11.0.8.10-0.el8_2.x86_64 (org.apache.zookeeper.ZooKeeper)
[2021-01-12 19:18:07,548] INFO Client environment:java.class.path=/home/coby/kafka/bin/../libs/activation-1.1.1.jar:/home/coby/kafka/bin/../libs/aopalliance-repackaged-2.5.0.jar:/home/coby/kafka/bin/../libs/argparse4j-0.7.0.jar:/home/coby/kafka/bin/../libs/audience-annotations-0.5.0.jar:/home/coby/kafka/bin/../libs/commons-cli-1.4.jar:/home/coby/kafka/bin/../libs/commons-lang3-3.8.1.jar:/home/coby/kafka/bin/../libs/connect-api-2.6.0.jar:/home/coby/kafka/bin/../libs/connect-basic-auth-extension-2.6.0.jar:/home/coby/kafka/bin/../libs/connect-file-2.6.0.jar:/home/coby/kafka/bin/../libs/connect-json-2.6.0.jar:/home/coby/kafka/bin/../libs/connect-mirror-2.6.0.jar:/home/coby/kafka/bin/../libs/connect-mirror-client-2.6.0.jar:/home/coby/kafka/bin/../libs/connect-runtime-2.6.0.jar:/home/coby/kafka/bin/../libs/connect-transforms-2.6.0.jar:/home/coby/kafka/bin/../libs/hk2-api-2.5.0.jar:/home/coby/kafka/bin/../libs/hk2-locator-2.5.0.jar:/home/coby/kafka/bin/../libs/hk2-utils-2.5.0.jar:/home/coby/kafka/bin/../libs/jackson-annotations-2.10.2.jar:/home/coby/kafka/bin/../libs/jackson-core-2.10.2.jar:/home/coby/kafka/bin/../libs/jackson-databind-2.10.2.jar:/home/coby/kafka/bin/../libs/jackson-dataformat-csv-2.10.2.jar:/home/coby/kafka/bin/../libs/jackson-datatype-jdk8-2.10.2.jar:/home/coby/kafka/bin/../libs/jackson-jaxrs-base-2.10.2.jar:/home/coby/kafka/bin/../libs/jackson-jaxrs-json-provider-2.10.2.jar:/home/coby/kafka/bin/../libs/jackson-module-jaxb-annotations-2.10.2.jar:/home/coby/kafka/bin/../libs/jackson-module-paranamer-2.10.2.jar:/home/coby/kafka/bin/../libs/jackson-module-scala_2.12-2.10.2.jar:/home/coby/kafka/bin/../libs/jakarta.activation-api-1.2.1.jar:/home/coby/kafka/bin/../libs/jakarta.annotation-api-1.3.4.jar:/home/coby/kafka/bin/../libs/jakarta.inject-2.5.0.jar:/home/coby/kafka/bin/../libs/jakarta.ws.rs-api-2.1.5.jar:/home/coby/kafka/bin/../libs/jakarta.xml.bind-api-2.3.2.jar:/home/coby/kafka/bin/../libs/javassist-3.22.0-CR2.jar:/home/coby/kafka/bin/../libs/javassist-3.26.0-GA.jar:/home/coby/kafka/bin/../libs/javax.servlet-api-3.1.0.jar:/home/coby/kafka/bin/../libs/javax.ws.rs-api-2.1.1.jar:/home/coby/kafka/bin/../libs/jaxb-api-2.3.0.jar:/home/coby/kafka/bin/../libs/jersey-client-2.28.jar:/home/coby/kafka/bin/../libs/jersey-common-2.28.jar:/home/coby/kafka/bin/../libs/jersey-container-servlet-2.28.jar:/home/coby/kafka/bin/../libs/jersey-container-servlet-core-2.28.jar:/home/coby/kafka/bin/../libs/jersey-hk2-2.28.jar:/home/coby/kafka/bin/../libs/jersey-media-jaxb-2.28.jar:/home/coby/kafka/bin/../libs/jersey-server-2.28.jar:/home/coby/kafka/bin/../libs/jetty-client-9.4.24.v20191120.jar:/home/coby/kafka/bin/../libs/jetty-continuation-9.4.24.v20191120.jar:/home/coby/kafka/bin/../libs/jetty-http-9.4.24.v20191120.jar:/home/coby/kafka/bin/../libs/jetty-io-9.4.24.v20191120.jar:/home/coby/kafka/bin/../libs/jetty-security-9.4.24.v20191120.jar:/home/coby/kafka/bin/../libs/jetty-server-9.4.24.v20191120.jar:/home/coby/kafka/bin/../libs/jetty-servlet-9.4.24.v20191120.jar:/home/coby/kafka/bin/../libs/jetty-servlets-9.4.24.v20191120.jar:/home/coby/kafka/bin/../libs/jetty-util-9.4.24.v20191120.jar:/home/coby/kafka/bin/../libs/jopt-simple-5.0.4.jar:/home/coby/kafka/bin/../libs/kafka_2.12-2.6.0.jar:/home/coby/kafka/bin/../libs/kafka_2.12-2.6.0-sources.jar:/home/coby/kafka/bin/../libs/kafka-clients-2.6.0.jar:/home/coby/kafka/bin/../libs/kafka-log4j-appender-2.6.0.jar:/home/coby/kafka/bin/../libs/kafka-streams-2.6.0.jar:/home/coby/kafka/bin/../libs/kafka-streams-examples-2.6.0.jar:/home/coby/kafka/bin/../libs/kafka-streams-scala_2.12-2.6.0.jar:/home/coby/kafka/bin/../libs/kafka-streams-test-utils-2.6.0.jar:/home/coby/kafka/bin/../libs/kafka-tools-2.6.0.jar:/home/coby/kafka/bin/../libs/log4j-1.2.17.jar:/home/coby/kafka/bin/../libs/lz4-java-1.7.1.jar:/home/coby/kafka/bin/../libs/maven-artifact-3.6.3.jar:/home/coby/kafka/bin/../libs/metrics-core-2.2.0.jar:/home/coby/kafka/bin/../libs/netty-buffer-4.1.50.Final.jar:/home/coby/kafka/bin/../libs/netty-codec-4.1.50.Final.jar:/home/coby/kafka/bin/../libs/netty-common-4.1.50.Final.jar:/home/coby/kafka/bin/../libs/netty-handler-4.1.50.Final.jar:/home/coby/kafka/bin/../libs/netty-resolver-4.1.50.Final.jar:/home/coby/kafka/bin/../libs/netty-transport-4.1.50.Final.jar:/home/coby/kafka/bin/../libs/netty-transport-native-epoll-4.1.50.Final.jar:/home/coby/kafka/bin/../libs/netty-transport-native-unix-common-4.1.50.Final.jar:/home/coby/kafka/bin/../libs/osgi-resource-locator-1.0.1.jar:/home/coby/kafka/bin/../libs/paranamer-2.8.jar:/home/coby/kafka/bin/../libs/plexus-utils-3.2.1.jar:/home/coby/kafka/bin/../libs/reflections-0.9.12.jar:/home/coby/kafka/bin/../libs/rocksdbjni-5.18.4.jar:/home/coby/kafka/bin/../libs/scala-collection-compat_2.12-2.1.6.jar:/home/coby/kafka/bin/../libs/scala-java8-compat_2.12-0.9.1.jar:/home/coby/kafka/bin/../libs/scala-library-2.12.11.jar:/home/coby/kafka/bin/../libs/scala-logging_2.12-3.9.2.jar:/home/coby/kafka/bin/../libs/scala-reflect-2.12.11.jar:/home/coby/kafka/bin/../libs/slf4j-api-1.7.30.jar:/home/coby/kafka/bin/../libs/slf4j-log4j12-1.7.30.jar:/home/coby/kafka/bin/../libs/snappy-java-1.1.7.3.jar:/home/coby/kafka/bin/../libs/validation-api-2.0.1.Final.jar:/home/coby/kafka/bin/../libs/zookeeper-3.5.8.jar:/home/coby/kafka/bin/../libs/zookeeper-jute-3.5.8.jar:/home/coby/kafka/bin/../libs/zstd-jni-1.4.4-7.jar (org.apache.zookeeper.ZooKeeper)
[2021-01-12 19:18:07,548] INFO Client environment:java.library.path=/usr/java/packages/lib:/usr/lib64:/lib64:/lib:/usr/lib (org.apache.zookeeper.ZooKeeper)
[2021-01-12 19:18:07,548] INFO Client environment:java.io.tmpdir=/tmp (org.apache.zookeeper.ZooKeeper)
[2021-01-12 19:18:07,548] INFO Client environment:java.compiler=<NA> (org.apache.zookeeper.ZooKeeper)
[2021-01-12 19:18:07,548] INFO Client environment:os.name=Linux (org.apache.zookeeper.ZooKeeper)
[2021-01-12 19:18:07,548] INFO Client environment:os.arch=amd64 (org.apache.zookeeper.ZooKeeper)
[2021-01-12 19:18:07,548] INFO Client environment:os.version=4.18.0-193.19.1.el8_2.x86_64 (org.apache.zookeeper.ZooKeeper)
[2021-01-12 19:18:07,548] INFO Client environment:user.name=coby (org.apache.zookeeper.ZooKeeper)
[2021-01-12 19:18:07,548] INFO Client environment:user.home=/home/coby (org.apache.zookeeper.ZooKeeper)
[2021-01-12 19:18:07,548] INFO Client environment:user.dir=/home/coby/kafka (org.apache.zookeeper.ZooKeeper)
[2021-01-12 19:18:07,548] INFO Client environment:os.memory.free=981MB (org.apache.zookeeper.ZooKeeper)
[2021-01-12 19:18:07,548] INFO Client environment:os.memory.max=1024MB (org.apache.zookeeper.ZooKeeper)
[2021-01-12 19:18:07,548] INFO Client environment:os.memory.total=1024MB (org.apache.zookeeper.ZooKeeper)
[2021-01-12 19:18:07,550] INFO Initiating client connection, connectString=localhost:2181 sessionTimeout=18000 watcher=kafka.zookeeper.ZooKeeperClient$ZooKeeperClientWatcher$@76b07f29 (org.apache.zookeeper.ZooKeeper)
[2021-01-12 19:18:07,554] INFO jute.maxbuffer value is 4194304 Bytes (org.apache.zookeeper.ClientCnxnSocket)
[2021-01-12 19:18:07,560] INFO zookeeper.request.timeout value is 0. feature enabled= (org.apache.zookeeper.ClientCnxn)
[2021-01-12 19:18:07,563] INFO [ZooKeeperClient Kafka server] Waiting until connected. (kafka.zookeeper.ZooKeeperClient)
[2021-01-12 19:18:07,566] INFO Opening socket connection to server localhost/0:0:0:0:0:0:0:1:2181. Will not attempt to authenticate using SASL (unknown error) (org.apache.zookeeper.ClientCnxn)
[2021-01-12 19:18:07,573] INFO Socket error occurred: localhost/0:0:0:0:0:0:0:1:2181: Connection refused (org.apache.zookeeper.ClientCnxn)
[2021-01-12 19:18:08,675] INFO Opening socket connection to server localhost/127.0.0.1:2181. Will not attempt to authenticate using SASL (unknown error) (org.apache.zookeeper.ClientCnxn)
[2021-01-12 19:18:08,676] INFO Socket error occurred: localhost/127.0.0.1:2181: Connection refused (org.apache.zookeeper.ClientCnxn)
[2021-01-12 19:18:09,777] INFO Opening socket connection to server localhost/0:0:0:0:0:0:0:1:2181. Will not attempt to authenticate using SASL (unknown error) (org.apache.zookeeper.ClientCnxn)
[2021-01-12 19:18:09,778] INFO Socket error occurred: localhost/0:0:0:0:0:0:0:1:2181: Connection refused (org.apache.zookeeper.ClientCnxn)
[2021-01-12 19:18:10,776] INFO Terminating process due to signal SIGINT (org.apache.kafka.common.utils.LoggingSignalHandler)
[2021-01-12 19:18:10,778] INFO shutting down (kafka.server.KafkaServer)
[2021-01-12 19:18:10,781] ERROR Fatal error during KafkaServer shutdown. (kafka.server.KafkaServer)
java.lang.IllegalStateException: Kafka server is still starting up, cannot shut down!
	at kafka.server.KafkaServer.shutdown(KafkaServer.scala:643)
	at kafka.server.KafkaServerStartable.shutdown(KafkaServerStartable.scala:54)
	at kafka.Kafka$.$anonfun$main$3(Kafka.scala:80)
	at kafka.utils.Exit$.$anonfun$addShutdownHook$1(Exit.scala:38)
	at java.base/java.lang.Thread.run(Thread.java:834)
[2021-01-12 19:18:10,783] ERROR Halting Kafka. (kafka.server.KafkaServerStartable)
[2021-01-12 19:23:05,266] INFO Registered kafka:type=kafka.Log4jController MBean (kafka.utils.Log4jControllerRegistration$)
[2021-01-12 19:23:05,498] ERROR Exiting Kafka due to fatal exception (kafka.Kafka$)
java.nio.file.NoSuchFileException: config/server.properties
	at java.base/sun.nio.fs.UnixException.translateToIOException(UnixException.java:92)
	at java.base/sun.nio.fs.UnixException.rethrowAsIOException(UnixException.java:111)
	at java.base/sun.nio.fs.UnixException.rethrowAsIOException(UnixException.java:116)
	at java.base/sun.nio.fs.UnixFileSystemProvider.newByteChannel(UnixFileSystemProvider.java:219)
	at java.base/java.nio.file.Files.newByteChannel(Files.java:370)
	at java.base/java.nio.file.Files.newByteChannel(Files.java:421)
	at java.base/java.nio.file.spi.FileSystemProvider.newInputStream(FileSystemProvider.java:420)
	at java.base/java.nio.file.Files.newInputStream(Files.java:155)
	at org.apache.kafka.common.utils.Utils.loadProps(Utils.java:623)
	at org.apache.kafka.common.utils.Utils.loadProps(Utils.java:610)
	at kafka.Kafka$.getPropsFromArgs(Kafka.scala:51)
	at kafka.Kafka$.main(Kafka.scala:67)
	at kafka.Kafka.main(Kafka.scala)
[2021-01-12 19:24:19,762] INFO Reading configuration from: /home//kafka/config/zookeeper.properties (org.apache.zookeeper.server.quorum.QuorumPeerConfig)
[2021-01-12 19:24:19,764] ERROR Invalid config, exiting abnormally (org.apache.zookeeper.server.quorum.QuorumPeerMain)
org.apache.zookeeper.server.quorum.QuorumPeerConfig$ConfigException: Error processing /home//kafka/config/zookeeper.properties
	at org.apache.zookeeper.server.quorum.QuorumPeerConfig.parse(QuorumPeerConfig.java:156)
	at org.apache.zookeeper.server.quorum.QuorumPeerMain.initializeAndRun(QuorumPeerMain.java:113)
	at org.apache.zookeeper.server.quorum.QuorumPeerMain.main(QuorumPeerMain.java:82)
Caused by: java.lang.IllegalArgumentException: /home/kafka/config/zookeeper.properties file is missing
	at org.apache.zookeeper.server.util.VerifyingFileFactory.doFailForNonExistingPath(VerifyingFileFactory.java:51)
	at org.apache.zookeeper.server.util.VerifyingFileFactory.validate(VerifyingFileFactory.java:45)
	at org.apache.zookeeper.server.util.VerifyingFileFactory.create(VerifyingFileFactory.java:40)
	at org.apache.zookeeper.server.quorum.QuorumPeerConfig.parse(QuorumPeerConfig.java:141)
	... 2 more
[2021-01-12 19:24:37,326] INFO Reading configuration from: config/zookeeper.properties (org.apache.zookeeper.server.quorum.QuorumPeerConfig)
[2021-01-12 19:24:37,327] WARN config/zookeeper.properties is relative. Prepend ./ to indicate that you're sure! (org.apache.zookeeper.server.quorum.QuorumPeerConfig)
[2021-01-12 19:24:37,328] ERROR Invalid config, exiting abnormally (org.apache.zookeeper.server.quorum.QuorumPeerMain)
org.apache.zookeeper.server.quorum.QuorumPeerConfig$ConfigException: Error processing config/zookeeper.properties
	at org.apache.zookeeper.server.quorum.QuorumPeerConfig.parse(QuorumPeerConfig.java:156)
	at org.apache.zookeeper.server.quorum.QuorumPeerMain.initializeAndRun(QuorumPeerMain.java:113)
	at org.apache.zookeeper.server.quorum.QuorumPeerMain.main(QuorumPeerMain.java:82)
Caused by: java.lang.IllegalArgumentException: config/zookeeper.properties file is missing
	at org.apache.zookeeper.server.util.VerifyingFileFactory.doFailForNonExistingPath(VerifyingFileFactory.java:51)
	at org.apache.zookeeper.server.util.VerifyingFileFactory.validate(VerifyingFileFactory.java:45)
	at org.apache.zookeeper.server.util.VerifyingFileFactory.create(VerifyingFileFactory.java:40)
	at org.apache.zookeeper.server.quorum.QuorumPeerConfig.parse(QuorumPeerConfig.java:141)
	... 2 more
